<?xml version="1.0" encoding="UTF-8"?>
<testsuite xmlns:xsi="http://www.w3.org/2001/XMLSchema-instance" xsi:noNamespaceSchemaLocation="https://maven.apache.org/surefire/maven-surefire-plugin/xsd/surefire-test-report.xsd" name="com.javacodegeeks.example.AppTest" time="0.085" tests="1" errors="0" skipped="0" failures="0">
  <properties>
    <property name="java.specification.version" value="21"/>
    <property name="sun.jnu.encoding" value="UTF-8"/>
    <property name="java.class.path" value="/home/joao/Desktop/3ºANO/1ºSEMESTRE/IES/individual-monteiroo21/Lab02/lab2_1/EmbeddedJettyExample/target/test-classes:/home/joao/Desktop/3ºANO/1ºSEMESTRE/IES/individual-monteiroo21/Lab02/lab2_1/EmbeddedJettyExample/target/classes:/home/joao/.m2/repository/junit/junit/3.8.1/junit-3.8.1.jar:/home/joao/.m2/repository/org/eclipse/jetty/jetty-server/9.2.15.v20160210/jetty-server-9.2.15.v20160210.jar:/home/joao/.m2/repository/javax/servlet/javax.servlet-api/3.1.0/javax.servlet-api-3.1.0.jar:/home/joao/.m2/repository/org/eclipse/jetty/jetty-http/9.2.15.v20160210/jetty-http-9.2.15.v20160210.jar:/home/joao/.m2/repository/org/eclipse/jetty/jetty-util/9.2.15.v20160210/jetty-util-9.2.15.v20160210.jar:/home/joao/.m2/repository/org/eclipse/jetty/jetty-io/9.2.15.v20160210/jetty-io-9.2.15.v20160210.jar:/home/joao/.m2/repository/org/eclipse/jetty/jetty-servlet/9.2.15.v20160210/jetty-servlet-9.2.15.v20160210.jar:/home/joao/.m2/repository/org/eclipse/jetty/jetty-security/9.2.15.v20160210/jetty-security-9.2.15.v20160210.jar:"/>
    <property name="java.vm.vendor" value="Ubuntu"/>
    <property name="sun.arch.data.model" value="64"/>
    <property name="java.vendor.url" value="https://ubuntu.com/"/>
    <property name="user.country.format" value="PT"/>
    <property name="os.name" value="Linux"/>
    <property name="java.vm.specification.version" value="21"/>
    <property name="sun.java.launcher" value="SUN_STANDARD"/>
    <property name="user.country" value="US"/>
    <property name="sun.boot.library.path" value="/usr/lib/jvm/java-21-openjdk-amd64/lib"/>
    <property name="sun.java.command" value="/home/joao/Desktop/3ºANO/1ºSEMESTRE/IES/individual-monteiroo21/Lab02/lab2_1/EmbeddedJettyExample/target/surefire/surefirebooter17190322292498765023.jar /home/joao/Desktop/3ºANO/1ºSEMESTRE/IES/individual-monteiroo21/Lab02/lab2_1/EmbeddedJettyExample/target/surefire 2024-10-09T15-44-55_796-jvmRun1 surefire6010707498653068422tmp surefire_08989653498322212616tmp"/>
    <property name="jdk.debug" value="release"/>
    <property name="surefire.test.class.path" value="/home/joao/Desktop/3ºANO/1ºSEMESTRE/IES/individual-monteiroo21/Lab02/lab2_1/EmbeddedJettyExample/target/test-classes:/home/joao/Desktop/3ºANO/1ºSEMESTRE/IES/individual-monteiroo21/Lab02/lab2_1/EmbeddedJettyExample/target/classes:/home/joao/.m2/repository/junit/junit/3.8.1/junit-3.8.1.jar:/home/joao/.m2/repository/org/eclipse/jetty/jetty-server/9.2.15.v20160210/jetty-server-9.2.15.v20160210.jar:/home/joao/.m2/repository/javax/servlet/javax.servlet-api/3.1.0/javax.servlet-api-3.1.0.jar:/home/joao/.m2/repository/org/eclipse/jetty/jetty-http/9.2.15.v20160210/jetty-http-9.2.15.v20160210.jar:/home/joao/.m2/repository/org/eclipse/jetty/jetty-util/9.2.15.v20160210/jetty-util-9.2.15.v20160210.jar:/home/joao/.m2/repository/org/eclipse/jetty/jetty-io/9.2.15.v20160210/jetty-io-9.2.15.v20160210.jar:/home/joao/.m2/repository/org/eclipse/jetty/jetty-servlet/9.2.15.v20160210/jetty-servlet-9.2.15.v20160210.jar:/home/joao/.m2/repository/org/eclipse/jetty/jetty-security/9.2.15.v20160210/jetty-security-9.2.15.v20160210.jar:"/>
    <property name="sun.cpu.endian" value="little"/>
    <property name="user.home" value="/home/joao"/>
    <property name="user.language" value="en"/>
    <property name="java.specification.vendor" value="Oracle Corporation"/>
    <property name="java.version.date" value="2024-07-16"/>
    <property name="java.home" value="/usr/lib/jvm/java-21-openjdk-amd64"/>
    <property name="file.separator" value="/"/>
    <property name="basedir" value="/home/joao/Desktop/3ºANO/1ºSEMESTRE/IES/individual-monteiroo21/Lab02/lab2_1/EmbeddedJettyExample"/>
    <property name="java.vm.compressedOopsMode" value="32-bit"/>
    <property name="line.separator" value="&#10;"/>
    <property name="java.specification.name" value="Java Platform API Specification"/>
    <property name="java.vm.specification.vendor" value="Oracle Corporation"/>
    <property name="surefire.real.class.path" value="/home/joao/Desktop/3ºANO/1ºSEMESTRE/IES/individual-monteiroo21/Lab02/lab2_1/EmbeddedJettyExample/target/surefire/surefirebooter17190322292498765023.jar"/>
    <property name="sun.management.compiler" value="HotSpot 64-Bit Tiered Compilers"/>
    <property name="java.runtime.version" value="21.0.4+7-Ubuntu-1ubuntu222.04"/>
    <property name="user.name" value="joao"/>
    <property name="stdout.encoding" value="UTF-8"/>
    <property name="path.separator" value=":"/>
    <property name="os.version" value="6.8.0-45-generic"/>
    <property name="java.runtime.name" value="OpenJDK Runtime Environment"/>
    <property name="file.encoding" value="UTF-8"/>
    <property name="java.vm.name" value="OpenJDK 64-Bit Server VM"/>
    <property name="localRepository" value="/home/joao/.m2/repository"/>
    <property name="java.vendor.url.bug" value="https://bugs.launchpad.net/ubuntu/+source/openjdk-21"/>
    <property name="java.io.tmpdir" value="/tmp"/>
    <property name="java.version" value="21.0.4"/>
    <property name="user.dir" value="/home/joao/Desktop/3ºANO/1ºSEMESTRE/IES/individual-monteiroo21/Lab02/lab2_1/EmbeddedJettyExample"/>
    <property name="os.arch" value="amd64"/>
    <property name="java.vm.specification.name" value="Java Virtual Machine Specification"/>
    <property name="user.language.format" value="pt"/>
    <property name="native.encoding" value="UTF-8"/>
    <property name="java.library.path" value="/usr/java/packages/lib:/usr/lib/x86_64-linux-gnu/jni:/lib/x86_64-linux-gnu:/usr/lib/x86_64-linux-gnu:/usr/lib/jni:/lib:/usr/lib"/>
    <property name="java.vm.info" value="mixed mode, sharing"/>
    <property name="stderr.encoding" value="UTF-8"/>
    <property name="java.vendor" value="Ubuntu"/>
    <property name="java.vm.version" value="21.0.4+7-Ubuntu-1ubuntu222.04"/>
    <property name="sun.io.unicode.encoding" value="UnicodeLittle"/>
    <property name="java.class.version" value="65.0"/>
  </properties>
  <testcase name="testApp" classname="com.javacodegeeks.example.AppTest" time="0.019"/>
</testsuite>